# JRE version: Java(TM) SE Runtime Environment (8.0_201-b09) (build 1.8.0_201-b09)
# Java VM: Java HotSpot(TM) 64-Bit Server VM (25.201-b09 mixed mode bsd-amd64 compressed oops)
Heap:
 PSYoungGen      total 220160K, used 4333K [0x000000076ab00000, 0x000000077c600000, 0x00000007c0000000)
  eden space 218112K, 1% used [0x000000076ab00000,0x000000076ad67590,0x0000000778000000)
  from space 2048K, 91% used [0x000000077c400000,0x000000077c5d4230,0x000000077c600000)
  to   space 6144K, 0% used [0x000000077ba00000,0x000000077ba00000,0x000000077c000000)
 ParOldGen       total 141824K, used 44946K [0x00000006c0000000, 0x00000006c8a80000, 0x000000076ab00000)
  object space 141824K, 31% used [0x00000006c0000000,0x00000006c2be4940,0x00000006c8a80000)
 Metaspace       used 63241K, capacity 64800K, committed 65968K, reserved 1105920K
  class space    used 7951K, capacity 8365K, committed 8624K, reserved 1048576K
GC Heap History (10 events):
Event: 186907.947 GC heap before
{Heap before GC invocations=112 (full 49):
 PSYoungGen      total 236544K, used 3106K [0x000000076ab00000, 0x000000077d000000, 0x00000007c0000000)
  eden space 232960K, 0% used [0x000000076ab00000,0x000000076ab00000,0x0000000778e80000)
  from space 3584K, 86% used [0x000000077c380000,0x000000077c688940,0x000000077c700000)
  to   space 6656K, 0% used [0x000000077c980000,0x000000077c980000,0x000000077d000000)
 ParOldGen       total 141824K, used 43311K [0x00000006c0000000, 0x00000006c8a80000, 0x000000076ab00000)
  object space 141824K, 30% used [0x00000006c0000000,0x00000006c2a4bf60,0x00000006c8a80000)
 Metaspace       used 63146K, capacity 64710K, committed 65712K, reserved 1105920K
  class space    used 7948K, capacity 8361K, committed 8624K, reserved 1048576K
Event: 186908.065 GC heap after
Heap after GC invocations=112 (full 49):
 PSYoungGen      total 236544K, used 0K [0x000000076ab00000, 0x000000077d000000, 0x00000007c0000000)
  eden space 232960K, 0% used [0x000000076ab00000,0x000000076ab00000,0x0000000778e80000)
  from space 3584K, 0% used [0x000000077c380000,0x000000077c380000,0x000000077c700000)
  to   space 6656K, 0% used [0x000000077c980000,0x000000077c980000,0x000000077d000000)
 ParOldGen       total 141824K, used 44983K [0x00000006c0000000, 0x00000006c8a80000, 0x000000076ab00000)
  object space 141824K, 31% used [0x00000006c0000000,0x00000006c2bedc48,0x00000006c8a80000)
 Metaspace       used 63146K, capacity 64710K, committed 65712K, reserved 1105920K
  class space    used 7948K, capacity 8361K, committed 8624K, reserved 1048576K
}
Event: 199636.979 GC heap before
{Heap before GC invocations=113 (full 49):
 PSYoungGen      total 236544K, used 232960K [0x000000076ab00000, 0x000000077d000000, 0x00000007c0000000)
  eden space 232960K, 100% used [0x000000076ab00000,0x0000000778e80000,0x0000000778e80000)
  from space 3584K, 0% used [0x000000077c380000,0x000000077c380000,0x000000077c700000)
  to   space 6656K, 0% used [0x000000077c980000,0x000000077c980000,0x000000077d000000)
 ParOldGen       total 141824K, used 44983K [0x00000006c0000000, 0x00000006c8a80000, 0x000000076ab00000)
  object space 141824K, 31% used [0x00000006c0000000,0x00000006c2bedc48,0x00000006c8a80000)
 Metaspace       used 63257K, capacity 64880K, committed 65968K, reserved 1105920K
  class space    used 7957K, capacity 8380K, committed 8624K, reserved 1048576K
Event: 199636.998 GC heap after
Heap after GC invocations=113 (full 49):
 PSYoungGen      total 228864K, used 3475K [0x000000076ab00000, 0x000000077cd00000, 0x00000007c0000000)
  eden space 225280K, 0% used [0x000000076ab00000,0x000000076ab00000,0x0000000778700000)
  from space 3584K, 96% used [0x000000077c980000,0x000000077cce4f50,0x000000077cd00000)
  to   space 6656K, 0% used [0x000000077c000000,0x000000077c000000,0x000000077c680000)
 ParOldGen       total 141824K, used 44991K [0x00000006c0000000, 0x00000006c8a80000, 0x000000076ab00000)
  object space 141824K, 31% used [0x00000006c0000000,0x00000006c2befc48,0x00000006c8a80000)
 Metaspace       used 63257K, capacity 64880K, committed 65968K, reserved 1105920K
  class space    used 7957K, capacity 8380K, committed 8624K, reserved 1048576K
}
Event: 200519.613 GC heap before
{Heap before GC invocations=114 (full 49):
 PSYoungGen      total 228864K, used 42308K [0x000000076ab00000, 0x000000077cd00000, 0x00000007c0000000)
  eden space 225280K, 17% used [0x000000076ab00000,0x000000076d0ec1f8,0x0000000778700000)
  from space 3584K, 96% used [0x000000077c980000,0x000000077cce4f50,0x000000077cd00000)
  to   space 6656K, 0% used [0x000000077c000000,0x000000077c000000,0x000000077c680000)
 ParOldGen       total 141824K, used 44991K [0x00000006c0000000, 0x00000006c8a80000, 0x000000076ab00000)
  object space 141824K, 31% used [0x00000006c0000000,0x00000006c2befc48,0x00000006c8a80000)
 Metaspace       used 63264K, capacity 64886K, committed 65968K, reserved 1105920K
  class space    used 7958K, capacity 8381K, committed 8624K, reserved 1048576K
Event: 200519.622 GC heap after
Heap after GC invocations=114 (full 49):
 PSYoungGen      total 228352K, used 2688K [0x000000076ab00000, 0x000000077ca00000, 0x00000007c0000000)
  eden space 225280K, 0% used [0x000000076ab00000,0x000000076ab00000,0x0000000778700000)
  from space 3072K, 87% used [0x000000077c000000,0x000000077c2a0080,0x000000077c300000)
  to   space 6144K, 0% used [0x000000077c400000,0x000000077c400000,0x000000077ca00000)
 ParOldGen       total 141824K, used 44999K [0x00000006c0000000, 0x00000006c8a80000, 0x000000076ab00000)
  object space 141824K, 31% used [0x00000006c0000000,0x00000006c2bf1c48,0x00000006c8a80000)
 Metaspace       used 63264K, capacity 64886K, committed 65968K, reserved 1105920K
  class space    used 7958K, capacity 8381K, committed 8624K, reserved 1048576K
}
Event: 200519.622 GC heap before
{Heap before GC invocations=115 (full 50):
 PSYoungGen      total 228352K, used 2688K [0x000000076ab00000, 0x000000077ca00000, 0x00000007c0000000)
  eden space 225280K, 0% used [0x000000076ab00000,0x000000076ab00000,0x0000000778700000)
  from space 3072K, 87% used [0x000000077c000000,0x000000077c2a0080,0x000000077c300000)
  to   space 6144K, 0% used [0x000000077c400000,0x000000077c400000,0x000000077ca00000)
 ParOldGen       total 141824K, used 44999K [0x00000006c0000000, 0x00000006c8a80000, 0x000000076ab00000)
  object space 141824K, 31% used [0x00000006c0000000,0x00000006c2bf1c48,0x00000006c8a80000)
 Metaspace       used 63264K, capacity 64886K, committed 65968K, reserved 1105920K
  class space    used 7958K, capacity 8381K, committed 8624K, reserved 1048576K
Event: 200519.844 GC heap after
Heap after GC invocations=115 (full 50):
 PSYoungGen      total 228352K, used 0K [0x000000076ab00000, 0x000000077ca00000, 0x00000007c0000000)
  eden space 225280K, 0% used [0x000000076ab00000,0x000000076ab00000,0x0000000778700000)
  from space 3072K, 0% used [0x000000077c000000,0x000000077c000000,0x000000077c300000)
  to   space 6144K, 0% used [0x000000077c400000,0x000000077c400000,0x000000077ca00000)
 ParOldGen       total 141824K, used 44938K [0x00000006c0000000, 0x00000006c8a80000, 0x000000076ab00000)
  object space 141824K, 31% used [0x00000006c0000000,0x00000006c2be2940,0x00000006c8a80000)
 Metaspace       used 63129K, capacity 64674K, committed 65968K, reserved 1105920K
  class space    used 7929K, capacity 8331K, committed 8624K, reserved 1048576K
}
Event: 211102.265 GC heap before
{Heap before GC invocations=116 (full 50):
 PSYoungGen      total 228352K, used 225280K [0x000000076ab00000, 0x000000077ca00000, 0x00000007c0000000)
  eden space 225280K, 100% used [0x000000076ab00000,0x0000000778700000,0x0000000778700000)
  from space 3072K, 0% used [0x000000077c000000,0x000000077c000000,0x000000077c300000)
  to   space 6144K, 0% used [0x000000077c400000,0x000000077c400000,0x000000077ca00000)
 ParOldGen       total 141824K, used 44938K [0x00000006c0000000, 0x00000006c8a80000, 0x000000076ab00000)
  object space 141824K, 31% used [0x00000006c0000000,0x00000006c2be2940,0x00000006c8a80000)
 Metaspace       used 63241K, capacity 64800K, committed 65968K, reserved 1105920K
  class space    used 7951K, capacity 8365K, committed 8624K, reserved 1048576K
Event: 211102.297 GC heap after
Heap after GC invocations=116 (full 50):
 PSYoungGen      total 220160K, used 1872K [0x000000076ab00000, 0x000000077c600000, 0x00000007c0000000)
  eden space 218112K, 0% used [0x000000076ab00000,0x000000076ab00000,0x0000000778000000)
  from space 2048K, 91% used [0x000000077c400000,0x000000077c5d4230,0x000000077c600000)
  to   space 6144K, 0% used [0x000000077ba00000,0x000000077ba00000,0x000000077c000000)
 ParOldGen       total 141824K, used 44946K [0x00000006c0000000, 0x00000006c8a80000, 0x000000076ab00000)
  object space 141824K, 31% used [0x00000006c0000000,0x00000006c2be4940,0x00000006c8a80000)
 Metaspace       used 63241K, capacity 64800K, committed 65968K, reserved 1105920K
  class space    used 7951K, capacity 8365K, committed 8624K, reserved 1048576K
}

