2020-02-16 19:05:38,445 INFO o.a.j.u.JMeterUtils: Setting Locale to en_LK
2020-02-16 19:05:38,484 INFO o.a.j.JMeter: Loading user properties from: /private/var/lib/private/engagements/cynergy/JMETER/cynergy/test/apache-jmeter-5.1.1/bin/user.properties
2020-02-16 19:05:38,487 INFO o.a.j.JMeter: Loading system properties from: /private/var/lib/private/engagements/cynergy/JMETER/cynergy/test/apache-jmeter-5.1.1/bin/system.properties
2020-02-16 19:05:38,491 INFO o.a.j.JMeter: Copyright (c) 1998-2019 The Apache Software Foundation
2020-02-16 19:05:38,491 INFO o.a.j.JMeter: Version 5.1.1 r1855137
2020-02-16 19:05:38,491 INFO o.a.j.JMeter: java.version=1.8.0_201
2020-02-16 19:05:38,491 INFO o.a.j.JMeter: java.vm.name=Java HotSpot(TM) 64-Bit Server VM
2020-02-16 19:05:38,492 INFO o.a.j.JMeter: os.name=Mac OS X
2020-02-16 19:05:38,492 INFO o.a.j.JMeter: os.arch=x86_64
2020-02-16 19:05:38,492 INFO o.a.j.JMeter: os.version=10.15.3
2020-02-16 19:05:38,492 INFO o.a.j.JMeter: file.encoding=UTF-8
2020-02-16 19:05:38,492 INFO o.a.j.JMeter: java.awt.headless=null
2020-02-16 19:05:38,492 INFO o.a.j.JMeter: Max memory     =3817865216
2020-02-16 19:05:38,492 INFO o.a.j.JMeter: Available Processors =12
2020-02-16 19:05:38,496 INFO o.a.j.JMeter: Default Locale=English (Sri Lanka)
2020-02-16 19:05:38,496 INFO o.a.j.JMeter: JMeter  Locale=English (Sri Lanka)
2020-02-16 19:05:38,496 INFO o.a.j.JMeter: JMeterHome=/private/var/lib/private/engagements/cynergy/JMETER/cynergy/test/apache-jmeter-5.1.1
2020-02-16 19:05:38,496 INFO o.a.j.JMeter: user.dir  =/private/var/lib/private/engagements/cynergy/GIT/cynergy
2020-02-16 19:05:38,496 INFO o.a.j.JMeter: PWD       =/private/var/lib/private/engagements/cynergy/GIT/cynergy
2020-02-16 19:05:38,500 INFO o.a.j.JMeter: IP: 192.168.1.180 Name: janithas FullName: janithas
2020-02-16 19:05:41,333 INFO o.a.j.g.a.LookAndFeelCommand: Installing Darcula LAF
2020-02-16 19:05:41,351 INFO o.a.j.g.a.LookAndFeelCommand: Using look and feel: com.bulenkov.darcula.DarculaLaf [Darcula]
2020-02-16 19:05:41,351 INFO o.a.j.JMeter: Setting LAF to: com.bulenkov.darcula.DarculaLaf
2020-02-16 19:05:41,424 INFO o.a.j.JMeter: Loaded icon properties from org/apache/jmeter/images/icon.properties
2020-02-16 19:05:43,041 INFO o.a.j.p.h.s.HTTPSamplerBase: Parser for text/html is org.apache.jmeter.protocol.http.parser.LagartoBasedHtmlParser
2020-02-16 19:05:43,041 INFO o.a.j.p.h.s.HTTPSamplerBase: Parser for application/xhtml+xml is org.apache.jmeter.protocol.http.parser.LagartoBasedHtmlParser
2020-02-16 19:05:43,041 INFO o.a.j.p.h.s.HTTPSamplerBase: Parser for application/xml is org.apache.jmeter.protocol.http.parser.LagartoBasedHtmlParser
2020-02-16 19:05:43,042 INFO o.a.j.p.h.s.HTTPSamplerBase: Parser for text/xml is org.apache.jmeter.protocol.http.parser.LagartoBasedHtmlParser
2020-02-16 19:05:43,042 INFO o.a.j.p.h.s.HTTPSamplerBase: Parser for text/vnd.wap.wml is org.apache.jmeter.protocol.http.parser.RegexpHTMLParser
2020-02-16 19:05:43,042 INFO o.a.j.p.h.s.HTTPSamplerBase: Parser for text/css is org.apache.jmeter.protocol.http.parser.CssParser
2020-02-16 19:05:43,350 INFO o.a.j.e.KeyToolUtils: keytool found at 'keytool'
2020-02-16 19:05:43,351 INFO o.a.j.p.h.p.ProxyControl: HTTP(S) Test Script Recorder SSL Proxy will use keys that support embedded 3rd party resources in file /private/var/lib/private/engagements/cynergy/JMETER/cynergy/test/apache-jmeter-5.1.1/bin/proxyserver.jks
2020-02-16 19:05:43,468 INFO o.a.j.s.FileServer: Default base='/private/var/lib/private/engagements/cynergy/GIT/cynergy'
2020-02-16 19:05:43,698 INFO o.a.j.s.SampleResult: Note: Sample TimeStamps are START times
2020-02-16 19:05:43,698 INFO o.a.j.s.SampleResult: sampleresult.default.encoding is set to ISO-8859-1
2020-02-16 19:05:43,698 INFO o.a.j.s.SampleResult: sampleresult.useNanoTime=true
2020-02-16 19:05:43,698 INFO o.a.j.s.SampleResult: sampleresult.nanoThreadSleep=5000
2020-02-16 19:05:50,141 INFO o.a.j.g.a.Load: Loading file: /private/var/lib/private/engagements/cynergy/JMETER/cynergy/test/new/3.1/janitha/CynergyAccountAPIs_production.jmx
2020-02-16 19:05:50,142 INFO o.a.j.s.FileServer: Set new base='/private/var/lib/private/engagements/cynergy/JMETER/cynergy/test/new/3.1/janitha'
2020-02-16 19:05:50,264 INFO o.a.j.s.SaveService: Testplan (JMX) version: 2.2. Testlog (JTL) version: 2.2
2020-02-16 19:05:50,280 INFO o.a.j.s.SaveService: Using SaveService properties file encoding UTF-8
2020-02-16 19:05:50,281 INFO o.a.j.s.SaveService: Using SaveService properties version 5.0
2020-02-16 19:05:50,284 INFO o.a.j.s.SaveService: Loading file: /private/var/lib/private/engagements/cynergy/JMETER/cynergy/test/new/3.1/janitha/CynergyAccountAPIs_production.jmx
2020-02-16 19:05:50,323 INFO o.a.j.p.h.c.CookieManager: Settings: Delete null: true Check: true Allow variable: true Save: false Prefix: COOKIE_
2020-02-16 19:05:50,680 INFO o.a.j.s.FileServer: Set new base='/private/var/lib/private/engagements/cynergy/JMETER/cynergy/test/new/3.1/janitha'
2020-02-16 19:06:08,354 INFO o.a.j.e.StandardJMeterEngine: Running the test!
2020-02-16 19:06:08,355 INFO o.a.j.s.SampleEvent: List of sample_variables: []
2020-02-16 19:06:08,355 INFO o.a.j.s.SampleEvent: List of sample_variables: []
2020-02-16 19:06:08,356 INFO o.a.j.e.u.CompoundVariable: Note: Function class names must contain the string: '.functions.'
2020-02-16 19:06:08,356 INFO o.a.j.e.u.CompoundVariable: Note: Function class names must not contain the string: '.gui.'
2020-02-16 19:06:08,575 INFO c.t.j.e.c.PropertyReader: Property file reader - loading the properties from /private/var/lib/private/engagements/cynergy/JMETER/cynergy/test/new/3.1/janitha/setup_dev_prod.properties
2020-02-16 19:06:08,582 INFO o.a.j.g.u.JMeterMenuBar: setRunning(true, *local*)
2020-02-16 19:06:08,698 INFO o.a.j.e.StandardJMeterEngine: Starting ThreadGroup: 1 : Account calls 9-per-Hr
2020-02-16 19:06:08,699 INFO o.a.j.e.StandardJMeterEngine: Starting 1 threads for group Account calls 9-per-Hr.
2020-02-16 19:06:08,699 INFO o.a.j.e.StandardJMeterEngine: Thread will continue on error
2020-02-16 19:06:08,699 INFO o.a.j.t.ThreadGroup: Starting thread group... number=1 threads=1 ramp-up=1 delayedStart=false
2020-02-16 19:06:08,711 INFO o.a.j.t.ThreadGroup: Started thread group number 1
2020-02-16 19:06:08,711 INFO o.a.j.e.StandardJMeterEngine: All thread groups have been started
2020-02-16 19:06:08,714 INFO o.a.j.t.JMeterThread: Thread started: Account calls 9-per-Hr 1-1
2020-02-16 19:06:08,988 ERROR c.w.f.i.j.e.PropertyMapper: Error reading properties file
java.io.FileNotFoundException: /private/var/lib/private/engagements/cynergy/GIT/cynergy/1/jwtbuilder.properties (No such file or directory)
	at java.io.FileInputStream.open0(Native Method) ~[?:1.8.0_201]
	at java.io.FileInputStream.open(FileInputStream.java:195) ~[?:1.8.0_201]
	at java.io.FileInputStream.<init>(FileInputStream.java:138) ~[?:1.8.0_201]
	at java.io.FileInputStream.<init>(FileInputStream.java:93) ~[?:1.8.0_201]
	at com.wso2.finance.integration.jmeter.ext.PropertyMapper.<init>(PropertyMapper.java:53) [jwt-builder-jmeter-ext-1.4.0.jar:1.4.0]
	at com.wso2.finance.integration.jmeter.ext.JWTBuilder.<init>(JWTBuilder.java:35) [jwt-builder-jmeter-ext-1.4.0.jar:1.4.0]
	at sun.reflect.NativeConstructorAccessorImpl.newInstance0(Native Method) [?:1.8.0_201]
	at sun.reflect.NativeConstructorAccessorImpl.newInstance(NativeConstructorAccessorImpl.java:62) [?:1.8.0_201]
	at sun.reflect.DelegatingConstructorAccessorImpl.newInstance(DelegatingConstructorAccessorImpl.java:45) [?:1.8.0_201]
	at java.lang.reflect.Constructor.newInstance(Constructor.java:423) [?:1.8.0_201]
	at org.codehaus.groovy.reflection.CachedConstructor.invoke(CachedConstructor.java:83) [groovy-all-2.4.16.jar:2.4.16]
	at org.codehaus.groovy.runtime.callsite.ConstructorSite$ConstructorSiteNoUnwrapNoCoerce.callConstructor(ConstructorSite.java:105) [groovy-all-2.4.16.jar:2.4.16]
	at org.codehaus.groovy.runtime.callsite.CallSiteArray.defaultCallConstructor(CallSiteArray.java:59) [groovy-all-2.4.16.jar:2.4.16]
	at org.codehaus.groovy.runtime.callsite.AbstractCallSite.callConstructor(AbstractCallSite.java:238) [groovy-all-2.4.16.jar:2.4.16]
	at org.codehaus.groovy.runtime.callsite.AbstractCallSite.callConstructor(AbstractCallSite.java:250) [groovy-all-2.4.16.jar:2.4.16]
	at Script1.run(Script1.groovy:16) [script:?]
	at org.codehaus.groovy.jsr223.GroovyScriptEngineImpl.eval(GroovyScriptEngineImpl.java:321) [groovy-all-2.4.16.jar:2.4.16]
	at org.codehaus.groovy.jsr223.GroovyCompiledScript.eval(GroovyCompiledScript.java:72) [groovy-all-2.4.16.jar:2.4.16]
	at javax.script.CompiledScript.eval(CompiledScript.java:92) [?:1.8.0_201]
	at org.apache.jmeter.util.JSR223TestElement.processFileOrScript(JSR223TestElement.java:223) [ApacheJMeter_core.jar:5.1.1 r1855137]
	at org.apache.jmeter.modifiers.JSR223PreProcessor.process(JSR223PreProcessor.java:44) [ApacheJMeter_components.jar:5.1.1 r1855137]
	at org.apache.jmeter.threads.JMeterThread.runPreProcessors(JMeterThread.java:935) [ApacheJMeter_core.jar:5.1.1 r1855137]
	at org.apache.jmeter.threads.JMeterThread.executeSamplePackage(JMeterThread.java:537) [ApacheJMeter_core.jar:5.1.1 r1855137]
	at org.apache.jmeter.threads.JMeterThread.processSampler(JMeterThread.java:486) [ApacheJMeter_core.jar:5.1.1 r1855137]
	at org.apache.jmeter.threads.JMeterThread.run(JMeterThread.java:253) [ApacheJMeter_core.jar:5.1.1 r1855137]
	at java.lang.Thread.run(Thread.java:748) [?:1.8.0_201]
2020-02-16 19:06:08,991 ERROR o.a.j.m.JSR223PreProcessor: Problem in JSR223 script, JSR223 PreProcessor
javax.script.ScriptException: com.wso2.finance.integration.jmeter.ext.exception.JmeterJWTExtException: Error reading properties file
	at org.codehaus.groovy.jsr223.GroovyScriptEngineImpl.eval(GroovyScriptEngineImpl.java:324) ~[groovy-all-2.4.16.jar:2.4.16]
	at org.codehaus.groovy.jsr223.GroovyCompiledScript.eval(GroovyCompiledScript.java:72) ~[groovy-all-2.4.16.jar:2.4.16]
	at javax.script.CompiledScript.eval(CompiledScript.java:92) ~[?:1.8.0_201]
	at org.apache.jmeter.util.JSR223TestElement.processFileOrScript(JSR223TestElement.java:223) ~[ApacheJMeter_core.jar:5.1.1 r1855137]
	at org.apache.jmeter.modifiers.JSR223PreProcessor.process(JSR223PreProcessor.java:44) [ApacheJMeter_components.jar:5.1.1 r1855137]
	at org.apache.jmeter.threads.JMeterThread.runPreProcessors(JMeterThread.java:935) [ApacheJMeter_core.jar:5.1.1 r1855137]
	at org.apache.jmeter.threads.JMeterThread.executeSamplePackage(JMeterThread.java:537) [ApacheJMeter_core.jar:5.1.1 r1855137]
	at org.apache.jmeter.threads.JMeterThread.processSampler(JMeterThread.java:486) [ApacheJMeter_core.jar:5.1.1 r1855137]
	at org.apache.jmeter.threads.JMeterThread.run(JMeterThread.java:253) [ApacheJMeter_core.jar:5.1.1 r1855137]
	at java.lang.Thread.run(Thread.java:748) [?:1.8.0_201]
Caused by: com.wso2.finance.integration.jmeter.ext.exception.JmeterJWTExtException: Error reading properties file
	at com.wso2.finance.integration.jmeter.ext.PropertyMapper.<init>(PropertyMapper.java:77) ~[jwt-builder-jmeter-ext-1.4.0.jar:1.4.0]
	at com.wso2.finance.integration.jmeter.ext.JWTBuilder.<init>(JWTBuilder.java:35) ~[jwt-builder-jmeter-ext-1.4.0.jar:1.4.0]
	at sun.reflect.NativeConstructorAccessorImpl.newInstance0(Native Method) ~[?:1.8.0_201]
	at sun.reflect.NativeConstructorAccessorImpl.newInstance(NativeConstructorAccessorImpl.java:62) ~[?:1.8.0_201]
	at sun.reflect.DelegatingConstructorAccessorImpl.newInstance(DelegatingConstructorAccessorImpl.java:45) ~[?:1.8.0_201]
	at java.lang.reflect.Constructor.newInstance(Constructor.java:423) ~[?:1.8.0_201]
	at org.codehaus.groovy.reflection.CachedConstructor.invoke(CachedConstructor.java:83) ~[groovy-all-2.4.16.jar:2.4.16]
	at org.codehaus.groovy.runtime.callsite.ConstructorSite$ConstructorSiteNoUnwrapNoCoerce.callConstructor(ConstructorSite.java:105) ~[groovy-all-2.4.16.jar:2.4.16]
	at org.codehaus.groovy.runtime.callsite.CallSiteArray.defaultCallConstructor(CallSiteArray.java:59) ~[groovy-all-2.4.16.jar:2.4.16]
	at org.codehaus.groovy.runtime.callsite.AbstractCallSite.callConstructor(AbstractCallSite.java:238) ~[groovy-all-2.4.16.jar:2.4.16]
	at org.codehaus.groovy.runtime.callsite.AbstractCallSite.callConstructor(AbstractCallSite.java:250) ~[groovy-all-2.4.16.jar:2.4.16]
	at Script1.run(Script1.groovy:16) ~[?:?]
	at org.codehaus.groovy.jsr223.GroovyScriptEngineImpl.eval(GroovyScriptEngineImpl.java:321) ~[groovy-all-2.4.16.jar:2.4.16]
	... 9 more
Caused by: java.io.FileNotFoundException: /private/var/lib/private/engagements/cynergy/GIT/cynergy/1/jwtbuilder.properties (No such file or directory)
	at java.io.FileInputStream.open0(Native Method) ~[?:1.8.0_201]
	at java.io.FileInputStream.open(FileInputStream.java:195) ~[?:1.8.0_201]
	at java.io.FileInputStream.<init>(FileInputStream.java:138) ~[?:1.8.0_201]
	at java.io.FileInputStream.<init>(FileInputStream.java:93) ~[?:1.8.0_201]
	at com.wso2.finance.integration.jmeter.ext.PropertyMapper.<init>(PropertyMapper.java:53) ~[jwt-builder-jmeter-ext-1.4.0.jar:1.4.0]
	at com.wso2.finance.integration.jmeter.ext.JWTBuilder.<init>(JWTBuilder.java:35) ~[jwt-builder-jmeter-ext-1.4.0.jar:1.4.0]
	at sun.reflect.NativeConstructorAccessorImpl.newInstance0(Native Method) ~[?:1.8.0_201]
	at sun.reflect.NativeConstructorAccessorImpl.newInstance(NativeConstructorAccessorImpl.java:62) ~[?:1.8.0_201]
	at sun.reflect.DelegatingConstructorAccessorImpl.newInstance(DelegatingConstructorAccessorImpl.java:45) ~[?:1.8.0_201]
	at java.lang.reflect.Constructor.newInstance(Constructor.java:423) ~[?:1.8.0_201]
	at org.codehaus.groovy.reflection.CachedConstructor.invoke(CachedConstructor.java:83) ~[groovy-all-2.4.16.jar:2.4.16]
	at org.codehaus.groovy.runtime.callsite.ConstructorSite$ConstructorSiteNoUnwrapNoCoerce.callConstructor(ConstructorSite.java:105) ~[groovy-all-2.4.16.jar:2.4.16]
	at org.codehaus.groovy.runtime.callsite.CallSiteArray.defaultCallConstructor(CallSiteArray.java:59) ~[groovy-all-2.4.16.jar:2.4.16]
	at org.codehaus.groovy.runtime.callsite.AbstractCallSite.callConstructor(AbstractCallSite.java:238) ~[groovy-all-2.4.16.jar:2.4.16]
	at org.codehaus.groovy.runtime.callsite.AbstractCallSite.callConstructor(AbstractCallSite.java:250) ~[groovy-all-2.4.16.jar:2.4.16]
	at Script1.run(Script1.groovy:16) ~[?:?]
	at org.codehaus.groovy.jsr223.GroovyScriptEngineImpl.eval(GroovyScriptEngineImpl.java:321) ~[groovy-all-2.4.16.jar:2.4.16]
	... 9 more
2020-02-16 19:06:08,999 INFO o.a.j.p.h.s.HTTPHCAbstractImpl: Local host = janithas
2020-02-16 19:06:09,003 INFO o.a.j.p.h.s.HTTPHC4Impl: HTTP request retry count = 0
2020-02-16 19:06:09,057 INFO o.a.j.p.h.s.h.LazyLayeredConnectionSocketFactory: Setting up HTTPS TrustAll Socket Factory
2020-02-16 19:06:09,060 INFO o.a.j.u.JsseSSLManager: Using default SSL protocol: TLS
2020-02-16 19:06:09,060 INFO o.a.j.u.JsseSSLManager: SSL session context: per-thread
2020-02-16 19:06:09,101 ERROR c.w.f.i.j.e.PropertyMapper: Error reading properties file
java.io.FileNotFoundException: /private/var/lib/private/engagements/cynergy/GIT/cynergy/1/jwtbuilder.properties (No such file or directory)
	at java.io.FileInputStream.open0(Native Method) ~[?:1.8.0_201]
	at java.io.FileInputStream.open(FileInputStream.java:195) ~[?:1.8.0_201]
	at java.io.FileInputStream.<init>(FileInputStream.java:138) ~[?:1.8.0_201]
	at java.io.FileInputStream.<init>(FileInputStream.java:93) ~[?:1.8.0_201]
	at com.wso2.finance.integration.jmeter.ext.PropertyMapper.<init>(PropertyMapper.java:53) [jwt-builder-jmeter-ext-1.4.0.jar:1.4.0]
	at com.wso2.finance.integration.jmeter.ext.JWTBuilder.<init>(JWTBuilder.java:35) [jwt-builder-jmeter-ext-1.4.0.jar:1.4.0]
	at sun.reflect.NativeConstructorAccessorImpl.newInstance0(Native Method) [?:1.8.0_201]
	at sun.reflect.NativeConstructorAccessorImpl.newInstance(NativeConstructorAccessorImpl.java:62) [?:1.8.0_201]
	at sun.reflect.DelegatingConstructorAccessorImpl.newInstance(DelegatingConstructorAccessorImpl.java:45) [?:1.8.0_201]
	at java.lang.reflect.Constructor.newInstance(Constructor.java:423) [?:1.8.0_201]
	at org.codehaus.groovy.reflection.CachedConstructor.invoke(CachedConstructor.java:83) [groovy-all-2.4.16.jar:2.4.16]
	at org.codehaus.groovy.runtime.callsite.ConstructorSite$ConstructorSiteNoUnwrapNoCoerce.callConstructor(ConstructorSite.java:105) [groovy-all-2.4.16.jar:2.4.16]
	at org.codehaus.groovy.runtime.callsite.CallSiteArray.defaultCallConstructor(CallSiteArray.java:59) [groovy-all-2.4.16.jar:2.4.16]
	at org.codehaus.groovy.runtime.callsite.AbstractCallSite.callConstructor(AbstractCallSite.java:238) [groovy-all-2.4.16.jar:2.4.16]
	at org.codehaus.groovy.runtime.callsite.AbstractCallSite.callConstructor(AbstractCallSite.java:250) [groovy-all-2.4.16.jar:2.4.16]
	at Script2.run(Script2.groovy:28) [script:?]
	at org.codehaus.groovy.jsr223.GroovyScriptEngineImpl.eval(GroovyScriptEngineImpl.java:321) [groovy-all-2.4.16.jar:2.4.16]
	at org.codehaus.groovy.jsr223.GroovyCompiledScript.eval(GroovyCompiledScript.java:72) [groovy-all-2.4.16.jar:2.4.16]
	at javax.script.CompiledScript.eval(CompiledScript.java:92) [?:1.8.0_201]
	at org.apache.jmeter.util.JSR223TestElement.processFileOrScript(JSR223TestElement.java:223) [ApacheJMeter_core.jar:5.1.1 r1855137]
	at org.apache.jmeter.modifiers.JSR223PreProcessor.process(JSR223PreProcessor.java:44) [ApacheJMeter_components.jar:5.1.1 r1855137]
	at org.apache.jmeter.threads.JMeterThread.runPreProcessors(JMeterThread.java:935) [ApacheJMeter_core.jar:5.1.1 r1855137]
	at org.apache.jmeter.threads.JMeterThread.executeSamplePackage(JMeterThread.java:537) [ApacheJMeter_core.jar:5.1.1 r1855137]
	at org.apache.jmeter.threads.JMeterThread.processSampler(JMeterThread.java:486) [ApacheJMeter_core.jar:5.1.1 r1855137]
	at org.apache.jmeter.threads.JMeterThread.run(JMeterThread.java:253) [ApacheJMeter_core.jar:5.1.1 r1855137]
	at java.lang.Thread.run(Thread.java:748) [?:1.8.0_201]
2020-02-16 19:06:09,101 ERROR o.a.j.m.JSR223PreProcessor: Problem in JSR223 script, Generate x-jws Signed Request Object1
javax.script.ScriptException: com.wso2.finance.integration.jmeter.ext.exception.JmeterJWTExtException: Error reading properties file
	at org.codehaus.groovy.jsr223.GroovyScriptEngineImpl.eval(GroovyScriptEngineImpl.java:324) ~[groovy-all-2.4.16.jar:2.4.16]
	at org.codehaus.groovy.jsr223.GroovyCompiledScript.eval(GroovyCompiledScript.java:72) ~[groovy-all-2.4.16.jar:2.4.16]
	at javax.script.CompiledScript.eval(CompiledScript.java:92) ~[?:1.8.0_201]
	at org.apache.jmeter.util.JSR223TestElement.processFileOrScript(JSR223TestElement.java:223) ~[ApacheJMeter_core.jar:5.1.1 r1855137]
	at org.apache.jmeter.modifiers.JSR223PreProcessor.process(JSR223PreProcessor.java:44) [ApacheJMeter_components.jar:5.1.1 r1855137]
	at org.apache.jmeter.threads.JMeterThread.runPreProcessors(JMeterThread.java:935) [ApacheJMeter_core.jar:5.1.1 r1855137]
	at org.apache.jmeter.threads.JMeterThread.executeSamplePackage(JMeterThread.java:537) [ApacheJMeter_core.jar:5.1.1 r1855137]
	at org.apache.jmeter.threads.JMeterThread.processSampler(JMeterThread.java:486) [ApacheJMeter_core.jar:5.1.1 r1855137]
	at org.apache.jmeter.threads.JMeterThread.run(JMeterThread.java:253) [ApacheJMeter_core.jar:5.1.1 r1855137]
	at java.lang.Thread.run(Thread.java:748) [?:1.8.0_201]
Caused by: com.wso2.finance.integration.jmeter.ext.exception.JmeterJWTExtException: Error reading properties file
	at com.wso2.finance.integration.jmeter.ext.PropertyMapper.<init>(PropertyMapper.java:77) ~[jwt-builder-jmeter-ext-1.4.0.jar:1.4.0]
	at com.wso2.finance.integration.jmeter.ext.JWTBuilder.<init>(JWTBuilder.java:35) ~[jwt-builder-jmeter-ext-1.4.0.jar:1.4.0]
	at sun.reflect.NativeConstructorAccessorImpl.newInstance0(Native Method) ~[?:1.8.0_201]
	at sun.reflect.NativeConstructorAccessorImpl.newInstance(NativeConstructorAccessorImpl.java:62) ~[?:1.8.0_201]
	at sun.reflect.DelegatingConstructorAccessorImpl.newInstance(DelegatingConstructorAccessorImpl.java:45) ~[?:1.8.0_201]
	at java.lang.reflect.Constructor.newInstance(Constructor.java:423) ~[?:1.8.0_201]
	at org.codehaus.groovy.reflection.CachedConstructor.invoke(CachedConstructor.java:83) ~[groovy-all-2.4.16.jar:2.4.16]
	at org.codehaus.groovy.runtime.callsite.ConstructorSite$ConstructorSiteNoUnwrapNoCoerce.callConstructor(ConstructorSite.java:105) ~[groovy-all-2.4.16.jar:2.4.16]
	at org.codehaus.groovy.runtime.callsite.CallSiteArray.defaultCallConstructor(CallSiteArray.java:59) ~[groovy-all-2.4.16.jar:2.4.16]
	at org.codehaus.groovy.runtime.callsite.AbstractCallSite.callConstructor(AbstractCallSite.java:238) ~[groovy-all-2.4.16.jar:2.4.16]
	at org.codehaus.groovy.runtime.callsite.AbstractCallSite.callConstructor(AbstractCallSite.java:250) ~[groovy-all-2.4.16.jar:2.4.16]
	at Script2.run(Script2.groovy:28) ~[?:?]
	at org.codehaus.groovy.jsr223.GroovyScriptEngineImpl.eval(GroovyScriptEngineImpl.java:321) ~[groovy-all-2.4.16.jar:2.4.16]
	... 9 more
Caused by: java.io.FileNotFoundException: /private/var/lib/private/engagements/cynergy/GIT/cynergy/1/jwtbuilder.properties (No such file or directory)
	at java.io.FileInputStream.open0(Native Method) ~[?:1.8.0_201]
	at java.io.FileInputStream.open(FileInputStream.java:195) ~[?:1.8.0_201]
	at java.io.FileInputStream.<init>(FileInputStream.java:138) ~[?:1.8.0_201]
	at java.io.FileInputStream.<init>(FileInputStream.java:93) ~[?:1.8.0_201]
	at com.wso2.finance.integration.jmeter.ext.PropertyMapper.<init>(PropertyMapper.java:53) ~[jwt-builder-jmeter-ext-1.4.0.jar:1.4.0]
	at com.wso2.finance.integration.jmeter.ext.JWTBuilder.<init>(JWTBuilder.java:35) ~[jwt-builder-jmeter-ext-1.4.0.jar:1.4.0]
	at sun.reflect.NativeConstructorAccessorImpl.newInstance0(Native Method) ~[?:1.8.0_201]
	at sun.reflect.NativeConstructorAccessorImpl.newInstance(NativeConstructorAccessorImpl.java:62) ~[?:1.8.0_201]
	at sun.reflect.DelegatingConstructorAccessorImpl.newInstance(DelegatingConstructorAccessorImpl.java:45) ~[?:1.8.0_201]
	at java.lang.reflect.Constructor.newInstance(Constructor.java:423) ~[?:1.8.0_201]
	at org.codehaus.groovy.reflection.CachedConstructor.invoke(CachedConstructor.java:83) ~[groovy-all-2.4.16.jar:2.4.16]
	at org.codehaus.groovy.runtime.callsite.ConstructorSite$ConstructorSiteNoUnwrapNoCoerce.callConstructor(ConstructorSite.java:105) ~[groovy-all-2.4.16.jar:2.4.16]
	at org.codehaus.groovy.runtime.callsite.CallSiteArray.defaultCallConstructor(CallSiteArray.java:59) ~[groovy-all-2.4.16.jar:2.4.16]
	at org.codehaus.groovy.runtime.callsite.AbstractCallSite.callConstructor(AbstractCallSite.java:238) ~[groovy-all-2.4.16.jar:2.4.16]
	at org.codehaus.groovy.runtime.callsite.AbstractCallSite.callConstructor(AbstractCallSite.java:250) ~[groovy-all-2.4.16.jar:2.4.16]
	at Script2.run(Script2.groovy:28) ~[?:?]
	at org.codehaus.groovy.jsr223.GroovyScriptEngineImpl.eval(GroovyScriptEngineImpl.java:321) ~[groovy-all-2.4.16.jar:2.4.16]
	... 9 more
2020-02-16 19:06:09,144 ERROR c.w.f.i.j.e.PropertyMapper: Error reading properties file
java.io.FileNotFoundException: /private/var/lib/private/engagements/cynergy/GIT/cynergy/1/jwtbuilder.properties (No such file or directory)
	at java.io.FileInputStream.open0(Native Method) ~[?:1.8.0_201]
	at java.io.FileInputStream.open(FileInputStream.java:195) ~[?:1.8.0_201]
	at java.io.FileInputStream.<init>(FileInputStream.java:138) ~[?:1.8.0_201]
	at java.io.FileInputStream.<init>(FileInputStream.java:93) ~[?:1.8.0_201]
	at com.wso2.finance.integration.jmeter.ext.PropertyMapper.<init>(PropertyMapper.java:53) [jwt-builder-jmeter-ext-1.4.0.jar:1.4.0]
	at com.wso2.finance.integration.jmeter.ext.JWTBuilder.<init>(JWTBuilder.java:35) [jwt-builder-jmeter-ext-1.4.0.jar:1.4.0]
	at sun.reflect.NativeConstructorAccessorImpl.newInstance0(Native Method) [?:1.8.0_201]
	at sun.reflect.NativeConstructorAccessorImpl.newInstance(NativeConstructorAccessorImpl.java:62) [?:1.8.0_201]
	at sun.reflect.DelegatingConstructorAccessorImpl.newInstance(DelegatingConstructorAccessorImpl.java:45) [?:1.8.0_201]
	at java.lang.reflect.Constructor.newInstance(Constructor.java:423) [?:1.8.0_201]
	at org.codehaus.groovy.reflection.CachedConstructor.invoke(CachedConstructor.java:83) [groovy-all-2.4.16.jar:2.4.16]
	at org.codehaus.groovy.runtime.callsite.ConstructorSite$ConstructorSiteNoUnwrapNoCoerce.callConstructor(ConstructorSite.java:105) [groovy-all-2.4.16.jar:2.4.16]
	at org.codehaus.groovy.runtime.callsite.CallSiteArray.defaultCallConstructor(CallSiteArray.java:59) [groovy-all-2.4.16.jar:2.4.16]
	at org.codehaus.groovy.runtime.callsite.AbstractCallSite.callConstructor(AbstractCallSite.java:238) [groovy-all-2.4.16.jar:2.4.16]
	at org.codehaus.groovy.runtime.callsite.AbstractCallSite.callConstructor(AbstractCallSite.java:250) [groovy-all-2.4.16.jar:2.4.16]
	at Script3.run(Script3.groovy:43) [script:?]
	at org.codehaus.groovy.jsr223.GroovyScriptEngineImpl.eval(GroovyScriptEngineImpl.java:321) [groovy-all-2.4.16.jar:2.4.16]
	at org.codehaus.groovy.jsr223.GroovyScriptEngineImpl.eval(GroovyScriptEngineImpl.java:159) [groovy-all-2.4.16.jar:2.4.16]
	at javax.script.AbstractScriptEngine.eval(AbstractScriptEngine.java:233) [?:1.8.0_201]
	at org.apache.jmeter.util.JSR223TestElement.processFileOrScript(JSR223TestElement.java:225) [ApacheJMeter_core.jar:5.1.1 r1855137]
	at org.apache.jmeter.modifiers.JSR223PreProcessor.process(JSR223PreProcessor.java:44) [ApacheJMeter_components.jar:5.1.1 r1855137]
	at org.apache.jmeter.threads.JMeterThread.runPreProcessors(JMeterThread.java:935) [ApacheJMeter_core.jar:5.1.1 r1855137]
	at org.apache.jmeter.threads.JMeterThread.executeSamplePackage(JMeterThread.java:537) [ApacheJMeter_core.jar:5.1.1 r1855137]
	at org.apache.jmeter.threads.JMeterThread.processSampler(JMeterThread.java:486) [ApacheJMeter_core.jar:5.1.1 r1855137]
	at org.apache.jmeter.threads.JMeterThread.run(JMeterThread.java:253) [ApacheJMeter_core.jar:5.1.1 r1855137]
	at java.lang.Thread.run(Thread.java:748) [?:1.8.0_201]
2020-02-16 19:06:09,145 ERROR o.a.j.m.JSR223PreProcessor: Problem in JSR223 script, Generate Signed Request Object
javax.script.ScriptException: javax.script.ScriptException: com.wso2.finance.integration.jmeter.ext.exception.JmeterJWTExtException: Error reading properties file
	at org.codehaus.groovy.jsr223.GroovyScriptEngineImpl.eval(GroovyScriptEngineImpl.java:162) ~[groovy-all-2.4.16.jar:2.4.16]
	at javax.script.AbstractScriptEngine.eval(AbstractScriptEngine.java:233) ~[?:1.8.0_201]
	at org.apache.jmeter.util.JSR223TestElement.processFileOrScript(JSR223TestElement.java:225) ~[ApacheJMeter_core.jar:5.1.1 r1855137]
	at org.apache.jmeter.modifiers.JSR223PreProcessor.process(JSR223PreProcessor.java:44) [ApacheJMeter_components.jar:5.1.1 r1855137]
	at org.apache.jmeter.threads.JMeterThread.runPreProcessors(JMeterThread.java:935) [ApacheJMeter_core.jar:5.1.1 r1855137]
	at org.apache.jmeter.threads.JMeterThread.executeSamplePackage(JMeterThread.java:537) [ApacheJMeter_core.jar:5.1.1 r1855137]
	at org.apache.jmeter.threads.JMeterThread.processSampler(JMeterThread.java:486) [ApacheJMeter_core.jar:5.1.1 r1855137]
	at org.apache.jmeter.threads.JMeterThread.run(JMeterThread.java:253) [ApacheJMeter_core.jar:5.1.1 r1855137]
	at java.lang.Thread.run(Thread.java:748) [?:1.8.0_201]
Caused by: javax.script.ScriptException: com.wso2.finance.integration.jmeter.ext.exception.JmeterJWTExtException: Error reading properties file
	at org.codehaus.groovy.jsr223.GroovyScriptEngineImpl.eval(GroovyScriptEngineImpl.java:324) ~[groovy-all-2.4.16.jar:2.4.16]
	at org.codehaus.groovy.jsr223.GroovyScriptEngineImpl.eval(GroovyScriptEngineImpl.java:159) ~[groovy-all-2.4.16.jar:2.4.16]
	... 8 more
Caused by: com.wso2.finance.integration.jmeter.ext.exception.JmeterJWTExtException: Error reading properties file
	at com.wso2.finance.integration.jmeter.ext.PropertyMapper.<init>(PropertyMapper.java:77) ~[jwt-builder-jmeter-ext-1.4.0.jar:1.4.0]
	at com.wso2.finance.integration.jmeter.ext.JWTBuilder.<init>(JWTBuilder.java:35) ~[jwt-builder-jmeter-ext-1.4.0.jar:1.4.0]
	at sun.reflect.NativeConstructorAccessorImpl.newInstance0(Native Method) ~[?:1.8.0_201]
	at sun.reflect.NativeConstructorAccessorImpl.newInstance(NativeConstructorAccessorImpl.java:62) ~[?:1.8.0_201]
	at sun.reflect.DelegatingConstructorAccessorImpl.newInstance(DelegatingConstructorAccessorImpl.java:45) ~[?:1.8.0_201]
	at java.lang.reflect.Constructor.newInstance(Constructor.java:423) ~[?:1.8.0_201]
	at org.codehaus.groovy.reflection.CachedConstructor.invoke(CachedConstructor.java:83) ~[groovy-all-2.4.16.jar:2.4.16]
	at org.codehaus.groovy.runtime.callsite.ConstructorSite$ConstructorSiteNoUnwrapNoCoerce.callConstructor(ConstructorSite.java:105) ~[groovy-all-2.4.16.jar:2.4.16]
	at org.codehaus.groovy.runtime.callsite.CallSiteArray.defaultCallConstructor(CallSiteArray.java:59) ~[groovy-all-2.4.16.jar:2.4.16]
	at org.codehaus.groovy.runtime.callsite.AbstractCallSite.callConstructor(AbstractCallSite.java:238) ~[groovy-all-2.4.16.jar:2.4.16]
	at org.codehaus.groovy.runtime.callsite.AbstractCallSite.callConstructor(AbstractCallSite.java:250) ~[groovy-all-2.4.16.jar:2.4.16]
	at Script3.run(Script3.groovy:43) ~[?:?]
	at org.codehaus.groovy.jsr223.GroovyScriptEngineImpl.eval(GroovyScriptEngineImpl.java:321) ~[groovy-all-2.4.16.jar:2.4.16]
	at org.codehaus.groovy.jsr223.GroovyScriptEngineImpl.eval(GroovyScriptEngineImpl.java:159) ~[groovy-all-2.4.16.jar:2.4.16]
	... 8 more
Caused by: java.io.FileNotFoundException: /private/var/lib/private/engagements/cynergy/GIT/cynergy/1/jwtbuilder.properties (No such file or directory)
	at java.io.FileInputStream.open0(Native Method) ~[?:1.8.0_201]
	at java.io.FileInputStream.open(FileInputStream.java:195) ~[?:1.8.0_201]
	at java.io.FileInputStream.<init>(FileInputStream.java:138) ~[?:1.8.0_201]
	at java.io.FileInputStream.<init>(FileInputStream.java:93) ~[?:1.8.0_201]
	at com.wso2.finance.integration.jmeter.ext.PropertyMapper.<init>(PropertyMapper.java:53) ~[jwt-builder-jmeter-ext-1.4.0.jar:1.4.0]
	at com.wso2.finance.integration.jmeter.ext.JWTBuilder.<init>(JWTBuilder.java:35) ~[jwt-builder-jmeter-ext-1.4.0.jar:1.4.0]
	at sun.reflect.NativeConstructorAccessorImpl.newInstance0(Native Method) ~[?:1.8.0_201]
	at sun.reflect.NativeConstructorAccessorImpl.newInstance(NativeConstructorAccessorImpl.java:62) ~[?:1.8.0_201]
	at sun.reflect.DelegatingConstructorAccessorImpl.newInstance(DelegatingConstructorAccessorImpl.java:45) ~[?:1.8.0_201]
	at java.lang.reflect.Constructor.newInstance(Constructor.java:423) ~[?:1.8.0_201]
	at org.codehaus.groovy.reflection.CachedConstructor.invoke(CachedConstructor.java:83) ~[groovy-all-2.4.16.jar:2.4.16]
	at org.codehaus.groovy.runtime.callsite.ConstructorSite$ConstructorSiteNoUnwrapNoCoerce.callConstructor(ConstructorSite.java:105) ~[groovy-all-2.4.16.jar:2.4.16]
	at org.codehaus.groovy.runtime.callsite.CallSiteArray.defaultCallConstructor(CallSiteArray.java:59) ~[groovy-all-2.4.16.jar:2.4.16]
	at org.codehaus.groovy.runtime.callsite.AbstractCallSite.callConstructor(AbstractCallSite.java:238) ~[groovy-all-2.4.16.jar:2.4.16]
	at org.codehaus.groovy.runtime.callsite.AbstractCallSite.callConstructor(AbstractCallSite.java:250) ~[groovy-all-2.4.16.jar:2.4.16]
	at Script3.run(Script3.groovy:43) ~[?:?]
	at org.codehaus.groovy.jsr223.GroovyScriptEngineImpl.eval(GroovyScriptEngineImpl.java:321) ~[groovy-all-2.4.16.jar:2.4.16]
	at org.codehaus.groovy.jsr223.GroovyScriptEngineImpl.eval(GroovyScriptEngineImpl.java:159) ~[groovy-all-2.4.16.jar:2.4.16]
	... 8 more
2020-02-16 19:06:09,153 INFO o.a.j.t.JMeterThread: Thread is done: Account calls 9-per-Hr 1-1
2020-02-16 19:06:09,153 INFO o.a.j.t.JMeterThread: Thread finished: Account calls 9-per-Hr 1-1
2020-02-16 19:06:09,154 INFO o.a.j.e.StandardJMeterEngine: Notifying test listeners of end of test
2020-02-16 19:06:09,154 INFO o.a.j.g.u.JMeterMenuBar: setRunning(false, *local*)
2020-02-16 19:06:12,850 INFO o.a.j.e.StandardJMeterEngine: Running the test!
2020-02-16 19:06:12,851 INFO o.a.j.s.SampleEvent: List of sample_variables: []
2020-02-16 19:06:12,855 INFO c.t.j.e.c.PropertyReader: Property file reader - loading the properties from /private/var/lib/private/engagements/cynergy/JMETER/cynergy/test/new/3.1/janitha/setup_dev_prod.properties
2020-02-16 19:06:12,856 INFO o.a.j.g.u.JMeterMenuBar: setRunning(true, *local*)
2020-02-16 19:06:13,053 INFO o.a.j.e.StandardJMeterEngine: Starting ThreadGroup: 1 : Account calls 9-per-Hr
2020-02-16 19:06:13,054 INFO o.a.j.e.StandardJMeterEngine: Starting 1 threads for group Account calls 9-per-Hr.
2020-02-16 19:06:13,054 INFO o.a.j.e.StandardJMeterEngine: Thread will continue on error
2020-02-16 19:06:13,054 INFO o.a.j.t.ThreadGroup: Starting thread group... number=1 threads=1 ramp-up=1 delayedStart=false
2020-02-16 19:06:13,063 INFO o.a.j.t.ThreadGroup: Started thread group number 1
2020-02-16 19:06:13,063 INFO o.a.j.e.StandardJMeterEngine: All thread groups have been started
2020-02-16 19:06:13,063 INFO o.a.j.t.JMeterThread: Thread started: Account calls 9-per-Hr 1-1
2020-02-16 19:06:13,352 INFO o.a.j.u.SSLManager: JmeterKeyStore Location:  type JKS
2020-02-16 19:06:13,353 INFO o.a.j.u.SSLManager: KeyStore created OK
2020-02-16 19:06:13,353 WARN o.a.j.u.SSLManager: Keystore file not found, loading empty keystore
2020-02-16 19:06:17,683 INFO o.a.j.g.a.Start: Stopping test
2020-02-16 19:06:17,696 INFO o.a.j.t.JMeterThread: Stopping: Account calls 9-per-Hr 1-1
2020-02-16 19:06:17,697 WARN o.a.j.t.JMeterThread: Interrupting: Account calls 9-per-Hr 1-1 sampler: Generate Access Token from Client Credentials grant type
2020-02-16 19:06:17,700 INFO o.a.j.t.JMeterThread: Thread finished: Account calls 9-per-Hr 1-1
2020-02-16 19:06:17,700 INFO o.a.j.e.StandardJMeterEngine: Notifying test listeners of end of test
2020-02-16 19:06:17,701 INFO o.a.j.g.u.JMeterMenuBar: setRunning(false, *local*)
2020-02-16 19:06:29,312 INFO o.a.j.e.StandardJMeterEngine: Running the test!
2020-02-16 19:06:29,313 INFO o.a.j.s.SampleEvent: List of sample_variables: []
2020-02-16 19:06:29,315 INFO c.t.j.e.c.PropertyReader: Property file reader - loading the properties from /private/var/lib/private/engagements/cynergy/JMETER/cynergy/test/new/3.1/janitha/setup_dev_prod.properties
2020-02-16 19:06:29,316 INFO o.a.j.g.u.JMeterMenuBar: setRunning(true, *local*)
2020-02-16 19:06:29,511 INFO o.a.j.e.StandardJMeterEngine: Starting ThreadGroup: 1 : Account calls 9-per-Hr
2020-02-16 19:06:29,511 INFO o.a.j.e.StandardJMeterEngine: Starting 1 threads for group Account calls 9-per-Hr.
2020-02-16 19:06:29,512 INFO o.a.j.e.StandardJMeterEngine: Thread will continue on error
2020-02-16 19:06:29,512 INFO o.a.j.t.ThreadGroup: Starting thread group... number=1 threads=1 ramp-up=1 delayedStart=false
2020-02-16 19:06:29,516 INFO o.a.j.t.ThreadGroup: Started thread group number 1
2020-02-16 19:06:29,516 INFO o.a.j.e.StandardJMeterEngine: All thread groups have been started
2020-02-16 19:06:29,516 INFO o.a.j.t.JMeterThread: Thread started: Account calls 9-per-Hr 1-1
2020-02-16 19:06:46,301 INFO o.a.j.g.a.Start: Stopping test
2020-02-16 19:06:46,311 INFO o.a.j.t.JMeterThread: Stopping: Account calls 9-per-Hr 1-1
2020-02-16 19:06:46,311 WARN o.a.j.t.JMeterThread: Interrupting: Account calls 9-per-Hr 1-1 sampler: POST CreateAccountAccessConsent: 1
2020-02-16 19:06:46,314 INFO o.a.j.t.JMeterThread: Thread finished: Account calls 9-per-Hr 1-1
2020-02-16 19:06:46,314 INFO o.a.j.e.StandardJMeterEngine: Notifying test listeners of end of test
2020-02-16 19:06:46,315 INFO o.a.j.g.u.JMeterMenuBar: setRunning(false, *local*)
